<?xml version="1.0" encoding="UTF-8"?>
<testsuite name="com.example.loginDemo.LoginDemoApplicationTests" tests="1" skipped="0" failures="0" errors="0" timestamp="2024-10-31T02:10:15" hostname="LAPTOP-5ICSOOU4" time="0.401">
  <properties/>
  <testcase name="contextLoads()" classname="com.example.loginDemo.LoginDemoApplicationTests" time="0.401"/>
  <system-out><![CDATA[11:10:11.366 [Test worker] INFO org.springframework.test.context.support.AnnotationConfigContextLoaderUtils -- Could not detect default configuration classes for test class [com.example.loginDemo.LoginDemoApplicationTests]: LoginDemoApplicationTests does not declare any static, non-private, non-final, nested classes annotated with @Configuration.
11:10:11.457 [Test worker] INFO org.springframework.boot.test.context.SpringBootTestContextBootstrapper -- Found @SpringBootConfiguration com.example.loginDemo.LoginDemoApplication for test class com.example.loginDemo.LoginDemoApplicationTests

  .   ____          _            __ _ _
 /\\ / ___'_ __ _ _(_)_ __  __ _ \ \ \ \
( ( )\___ | '_ | '_| | '_ \/ _` | \ \ \ \
 \\/  ___)| |_)| | | | | || (_| |  ) ) ) )
  '  |____| .__|_| |_|_| |_\__, | / / / /
 =========|_|==============|___/=/_/_/_/

 :: Spring Boot ::                (v3.3.5)

2024-10-31T11:10:11.756+09:00  INFO 33264 --- [loginDemo] [    Test worker] c.e.loginDemo.LoginDemoApplicationTests  : Starting LoginDemoApplicationTests using Java 17.0.12 with PID 33264 (started by user in C:\SpringWorkspace\loginDemo)
2024-10-31T11:10:11.757+09:00  INFO 33264 --- [loginDemo] [    Test worker] c.e.loginDemo.LoginDemoApplicationTests  : No active profile set, falling back to 1 default profile: "default"
2024-10-31T11:10:12.341+09:00  INFO 33264 --- [loginDemo] [    Test worker] .s.d.r.c.RepositoryConfigurationDelegate : Bootstrapping Spring Data JPA repositories in DEFAULT mode.
2024-10-31T11:10:12.390+09:00  INFO 33264 --- [loginDemo] [    Test worker] .s.d.r.c.RepositoryConfigurationDelegate : Finished Spring Data repository scanning in 43 ms. Found 1 JPA repository interface.
2024-10-31T11:10:12.818+09:00  INFO 33264 --- [loginDemo] [    Test worker] o.hibernate.jpa.internal.util.LogHelper  : HHH000204: Processing PersistenceUnitInfo [name: default]
2024-10-31T11:10:12.948+09:00  INFO 33264 --- [loginDemo] [    Test worker] org.hibernate.Version                    : HHH000412: Hibernate ORM core version 6.5.3.Final
2024-10-31T11:10:12.977+09:00  INFO 33264 --- [loginDemo] [    Test worker] o.h.c.internal.RegionFactoryInitiator    : HHH000026: Second-level cache disabled
2024-10-31T11:10:13.246+09:00  INFO 33264 --- [loginDemo] [    Test worker] o.s.o.j.p.SpringPersistenceUnitInfo      : No LoadTimeWeaver setup: ignoring JPA class transformer
2024-10-31T11:10:13.276+09:00  INFO 33264 --- [loginDemo] [    Test worker] com.zaxxer.hikari.HikariDataSource       : HikariPool-1 - Starting...
2024-10-31T11:10:13.338+09:00  INFO 33264 --- [loginDemo] [    Test worker] com.zaxxer.hikari.pool.HikariPool        : HikariPool-1 - Added connection org.mariadb.jdbc.Connection@7e4ac598
2024-10-31T11:10:13.340+09:00  INFO 33264 --- [loginDemo] [    Test worker] com.zaxxer.hikari.HikariDataSource       : HikariPool-1 - Start completed.
2024-10-31T11:10:13.361+09:00  WARN 33264 --- [loginDemo] [    Test worker] org.hibernate.orm.deprecation            : HHH90000025: MariaDBDialect does not need to be specified explicitly using 'hibernate.dialect' (remove the property setting and it will be selected by default)
2024-10-31T11:10:13.956+09:00  INFO 33264 --- [loginDemo] [    Test worker] o.h.e.t.j.p.i.JtaPlatformInitiator       : HHH000489: No JTA platform available (set 'hibernate.transaction.jta.platform' to enable JTA platform integration)
Hibernate: drop table if exists users
Hibernate: create table users (id bigint not null auto_increment, email varchar(255) not null, name varchar(255) not null, password varchar(255) not null, primary key (id)) engine=InnoDB
Hibernate: alter table if exists users add constraint UK6dotkott2kjsp8vw4d0m25fb7 unique (email)
2024-10-31T11:10:13.995+09:00  INFO 33264 --- [loginDemo] [    Test worker] j.LocalContainerEntityManagerFactoryBean : Initialized JPA EntityManagerFactory for persistence unit 'default'
2024-10-31T11:10:14.366+09:00  WARN 33264 --- [loginDemo] [    Test worker] JpaBaseConfiguration$JpaWebConfiguration : spring.jpa.open-in-view is enabled by default. Therefore, database queries may be performed during view rendering. Explicitly configure spring.jpa.open-in-view to disable this warning
2024-10-31T11:10:14.396+09:00  INFO 33264 --- [loginDemo] [    Test worker] r$InitializeUserDetailsManagerConfigurer : Global AuthenticationManager configured with UserDetailsService bean with name customUserDetailsService
2024-10-31T11:10:15.246+09:00  INFO 33264 --- [loginDemo] [    Test worker] c.e.loginDemo.LoginDemoApplicationTests  : Started LoginDemoApplicationTests in 3.652 seconds (process running for 4.556)
]]></system-out>
  <system-err><![CDATA[]]></system-err>
</testsuite>
